<?xml version="1.0" encoding="UTF-8"?>
<!-- Generated by org.testng.reporters.JUnitReportReporter -->
<testsuite hostname="DESKTOP-F5AB70R" failures="0" tests="1" name="test_runner.TestRunner" time="0.108" errors="0" timestamp="2025-05-10T17:28:43 IST" skipped="0">
  <testcase classname="test_runner.TestRunner" name="runScenario" time="0.108"/>
</testsuite> <!-- test_runner.TestRunner -->
