<?xml version="1.0" encoding="UTF-8"?>
<!-- Generated by org.testng.reporters.JUnitReportReporter -->
<testsuite hostname="DESKTOP-F5AB70R" failures="0" tests="1" name="testRunner2.testrunner2" time="11.195" errors="0" timestamp="2025-05-15T17:08:01 IST" skipped="0">
  <testcase classname="testRunner2.testrunner2" name="runScenario" time="11.195"/>
</testsuite> <!-- testRunner2.testrunner2 -->
