<?xml version="1.0" encoding="UTF-8"?>
<!-- Generated by org.testng.reporters.JUnitReportReporter -->
<testsuite hostname="DESKTOP-F5AB70R" failures="0" tests="3" name="shrunka.LoginTests" time="0.009" errors="0" timestamp="2025-05-03T19:25:59 IST" skipped="0">
  <testcase classname="shrunka.LoginTests" name="LoginbyGmail" time="0.002"/>
  <testcase classname="shrunka.LoginTests" name="LoginbyFacebook" time="0.002"/>
  <testcase classname="shrunka.LoginTests" name="LoginbySkype" time="0.005"/>
</testsuite> <!-- shrunka.LoginTests -->
