<?xml version="1.0" encoding="UTF-8"?>
<!-- Generated by org.testng.reporters.JUnitReportReporter -->
<testsuite hostname="DESKTOP-F5AB70R" failures="0" tests="3" name="shrunka.SignUpTests" time="0.005" errors="0" timestamp="2025-05-03T19:25:59 IST" skipped="0">
  <testcase classname="shrunka.SignUpTests" name="SignupbyGmail" time="0.002"/>
  <testcase classname="shrunka.SignUpTests" name="SignUpbyFacebook" time="0.001"/>
  <testcase classname="shrunka.SignUpTests" name="SignUpbySkype" time="0.002"/>
</testsuite> <!-- shrunka.SignUpTests -->
