<?xml version="1.0" encoding="UTF-8"?>
<!-- Generated by org.testng.reporters.JUnitReportReporter -->
<testsuite hostname="DESKTOP-F5AB70R" failures="0" tests="1" name="shrunka.HA1" time="0.013" errors="0" timestamp="2025-05-03T17:39:06 IST" skipped="0">
  <testcase classname="shrunka.HA1" name="test" time="0.013"/>
</testsuite> <!-- shrunka.HA1 -->
