<?xml version="1.0" encoding="UTF-8"?>
<!-- Generated by org.testng.reporters.JUnitReportReporter -->
<testsuite hostname="DESKTOP-F5AB70R" failures="0" tests="6" name="shrunka.Paralleltest" time="4.596" errors="0" timestamp="2025-05-08T16:56:25 IST" skipped="0">
  <testcase classname="shrunka.Paralleltest" name="testlogo" time="2.115"/>
  <testcase classname="shrunka.Paralleltest" name="testlogo" time="2.423"/>
  <testcase classname="shrunka.Paralleltest" name="testtitle" time="0.018"/>
  <testcase classname="shrunka.Paralleltest" name="testtitle" time="0.016"/>
  <testcase classname="shrunka.Paralleltest" name="testut1" time="0.012"/>
  <testcase classname="shrunka.Paralleltest" name="testut1" time="0.012"/>
</testsuite> <!-- shrunka.Paralleltest -->
