<?xml version="1.0" encoding="UTF-8"?>
<!-- Generated by org.testng.reporters.JUnitReportReporter -->
<testsuite hostname="DESKTOP-F5AB70R" failures="0" tests="1" name="shrunka.test22" time="0.003" errors="0" timestamp="2025-05-03T16:40:07 IST" skipped="0">
  <testcase classname="shrunka.test22" name="mw" time="0.003"/>
</testsuite> <!-- shrunka.test22 -->
