<?xml version="1.0" encoding="UTF-8"?>
<!-- Generated by org.testng.reporters.JUnitReportReporter -->
<testsuite hostname="DESKTOP-F5AB70R" failures="0" tests="2" name="shrunka.PaymentTests" time="0.013" errors="0" timestamp="2025-05-03T19:25:59 IST" skipped="0">
  <testcase classname="shrunka.PaymentTests" name="PaymentinRupees" time="0.012"/>
  <testcase classname="shrunka.PaymentTests" name="PaymentinDollars" time="0.001"/>
</testsuite> <!-- shrunka.PaymentTests -->
