<?xml version="1.0" encoding="UTF-8"?>
<!-- Generated by org.testng.reporters.JUnitReportReporter -->
<testsuite hostname="DESKTOP-F5AB70R" failures="0" tests="2" name="shrunka.Dataprovider1" time="3.500" errors="0" timestamp="2025-05-05T16:47:52 IST" skipped="0">
  <testcase classname="shrunka.Dataprovider1" name="testlogin" time="2.452"/>
  <testcase classname="shrunka.Dataprovider1" name="testlogin" time="1.048"/>
</testsuite> <!-- shrunka.Dataprovider1 -->
