<?xml version="1.0" encoding="UTF-8"?>
<!-- Generated by org.testng.reporters.JUnitReportReporter -->
<testsuite hostname="DESKTOP-F5AB70R" failures="0" tests="1" name="shrunka.Cls1" time="0.001" errors="0" timestamp="2025-05-03T16:40:07 IST" skipped="0">
  <testcase classname="shrunka.Cls1" name="m1" time="0.001"/>
</testsuite> <!-- shrunka.Cls1 -->
