<?xml version="1.0" encoding="UTF-8"?>
<!-- Generated by org.testng.reporters.JUnitReportReporter -->
<testsuite hostname="DESKTOP-F5AB70R" failures="0" tests="2" name="shrunka.Annotations" time="0.014" errors="0" timestamp="2025-05-03T16:57:37 IST" skipped="0">
  <testcase classname="shrunka.Annotations" name="m1" time="0.010"/>
  <testcase classname="shrunka.Annotations" name="m2" time="0.004"/>
</testsuite> <!-- shrunka.Annotations -->
