<?xml version="1.0" encoding="UTF-8"?>
<!-- Generated by org.testng.reporters.JUnitReportReporter -->
<testsuite hostname="DESKTOP-F5AB70R" failures="0" tests="1" name="shrunka.Cls2" time="0.002" errors="0" timestamp="2025-05-03T16:40:07 IST" skipped="0">
  <testcase classname="shrunka.Cls2" name="m2" time="0.002"/>
</testsuite> <!-- shrunka.Cls2 -->
