<?xml version="1.0" encoding="UTF-8"?>
<!-- Generated by org.testng.reporters.JUnitReportReporter -->
<testsuite hostname="DESKTOP-F5AB70R" failures="0" tests="2" name="TestNG.Annotationstest1" time="0.006" errors="0" timestamp="2025-04-28T17:15:21 IST" skipped="0">
  <testcase classname="TestNG.Annotationstest1" name="Search" time="0.004"/>
  <testcase classname="TestNG.Annotationstest1" name="Advsearch" time="0.002"/>
</testsuite> <!-- TestNG.Annotationstest1 -->
