<?xml version="1.0" encoding="UTF-8"?>
<!-- Generated by org.testng.reporters.JUnitReportReporter -->
<testsuite hostname="DESKTOP-F5AB70R" failures="0" tests="2" name="TestNG.Order1" time="0.005" errors="0" timestamp="2025-04-28T17:15:21 IST" skipped="0">
  <testcase classname="TestNG.Order1" name="m1" time="0.003"/>
  <testcase classname="TestNG.Order1" name="m2" time="0.002"/>
</testsuite> <!-- TestNG.Order1 -->
