<?xml version="1.0" encoding="UTF-8"?>
<!-- Generated by org.testng.reporters.JUnitReportReporter -->
<testsuite hostname="DESKTOP-F5AB70R" failures="0" tests="1" name="TestNG.Testassertions1" time="0.012" errors="0" timestamp="2025-04-28T17:15:21 IST" skipped="0">
  <testcase classname="TestNG.Testassertions1" name="testTitle" time="0.012"/>
</testsuite> <!-- TestNG.Testassertions1 -->
